Using pre-set license
Built from '2020.3/release' branch; Version is '2020.3.1f1 (77a89f25062f) revision 7841951'; Using compiler version '192528614'; Build Type 'Release'
OS: 'Windows 10 Home Single Language; OS build 19042.1415; Version 2009; 64bit' Language: 'ru' Physical Memory: 15297 MB
BatchMode: 1, IsHumanControllingUs: 0, StartBugReporterOnCrash: 0, Is64bit: 1, IsPro: 0

 COMMAND LINE ARGUMENTS:
D:\Unity\2020.3.1f1\Editor\Unity.exe
-adb2
-batchMode
-noUpm
-name
AssetImportWorker0
-projectPath
D:/UnityProj/Exp
-logFile
Logs/AssetImportWorker0.log
-srvPort
51069
Successfully changed project path to: D:/UnityProj/Exp
D:/UnityProj/Exp
Using Asset Import Pipeline V2.
Refreshing native plugins compatible for Editor in 53.70 ms, found 0 plugins.
Preloading 0 native plugins for Editor in 0.00 ms.
Initialize engine version: 2020.3.1f1 (77a89f25062f)
[Subsystems] Discovering subsystems at path D:/Unity/2020.3.1f1/Editor/Data/Resources/UnitySubsystems
[Subsystems] Discovering subsystems at path D:/UnityProj/Exp/Assets
GfxDevice: creating device client; threaded=0
Direct3D:
    Version:  Direct3D 11.0 [level 11.1]
    Renderer: AMD Radeon(TM) Vega 8 Graphics (ID=0x15d8)
    Vendor:   
    VRAM:     7648 MB
    Driver:   26.20.11030.22001
Initialize mono
Mono path[0] = 'D:/Unity/2020.3.1f1/Editor/Data/Managed'
Mono path[1] = 'D:/Unity/2020.3.1f1/Editor/Data/MonoBleedingEdge/lib/mono/unityjit'
Mono config path = 'D:/Unity/2020.3.1f1/Editor/Data/MonoBleedingEdge/etc'
Using monoOptions --debugger-agent=transport=dt_socket,embedding=1,server=y,suspend=n,address=127.0.0.1:56712
Begin MonoManager ReloadAssembly
Registering precompiled unity dll's ...
Register platform support module: D:/Unity/2020.3.1f1/Editor/Data/PlaybackEngines/WebGLSupport/UnityEditor.WebGL.Extensions.dll
Register platform support module: D:/Unity/2020.3.1f1/Editor/Data/PlaybackEngines/WindowsStandaloneSupport/UnityEditor.WindowsStandalone.Extensions.dll
Registered in 0.003817 seconds.
Native extension for WindowsStandalone target not found
Native extension for WebGL target not found
Refreshing native plugins compatible for Editor in 48.33 ms, found 0 plugins.
Preloading 0 native plugins for Editor in 0.00 ms.
Invoked RoslynAnalysisRunner static constructor.
RoslynAnalysisRunner will not be running.
RoslynAnalysisRunner has terminated.
Mono: successfully reloaded assembly
- Completed reload, in  3.548 seconds
Platform modules already initialized, skipping
Registering precompiled user dll's ...
Registered in 0.001666 seconds.
Begin MonoManager ReloadAssembly
Native extension for WindowsStandalone target not found
Native extension for WebGL target not found
Refreshing native plugins compatible for Editor in 0.74 ms, found 0 plugins.
Preloading 0 native plugins for Editor in 0.00 ms.
Invoked RoslynAnalysisRunner static constructor.
RoslynAnalysisRunner will not be running.
RoslynAnalysisRunner has terminated.
Mono: successfully reloaded assembly
- Completed reload, in  1.929 seconds
Platform modules already initialized, skipping
========================================================================
Worker process is ready to serve import requests
Launched and connected shader compiler UnityShaderCompiler.exe after 0.09 seconds
Refreshing native plugins compatible for Editor in 0.87 ms, found 0 plugins.
Preloading 0 native plugins for Editor in 0.00 ms.
Unloading 1212 Unused Serialized files (Serialized files now loaded: 0)
System memory in use before: 59.5 MB.
System memory in use after: 59.5 MB.

Unloading 22 unused Assets to reduce memory usage. Loaded Objects now: 1642.
Total: 3.737700 ms (FindLiveObjects: 0.393100 ms CreateObjectMapping: 0.130600 ms MarkObjects: 3.079100 ms  DeleteObjects: 0.132300 ms)

========================================================================
Received Import Request.
  path: Assets/Scenes
  artifactKey: Guid(f7b66c42ee145314083f073e99178630) Importer(815301076,1909f56bfc062723c751e8b465ee728b)
Start importing Assets/Scenes using Guid(f7b66c42ee145314083f073e99178630) Importer(815301076,1909f56bfc062723c751e8b465ee728b)  -> (artifact id: 'df4fd64081f2ed29e7edf56343668c07') in 0.018645 seconds
  Import took 0.022830 seconds .

========================================================================
Received Import Request.
  Time since last request: 0.000346 seconds.
  path: Assets/Scenes/SampleScene.unity
  artifactKey: Guid(9fc0d4010bbf28b4594072e72b8655ab) Importer(815301076,1909f56bfc062723c751e8b465ee728b)
Start importing Assets/Scenes/SampleScene.unity using Guid(9fc0d4010bbf28b4594072e72b8655ab) Importer(815301076,1909f56bfc062723c751e8b465ee728b)  -> (artifact id: '85f514f06571522533e0630beb1a6252') in 0.037418 seconds
  Import took 0.041896 seconds .

========================================================================
Received Import Request.
  Time since last request: 93.074421 seconds.
  path: Assets
  artifactKey: Guid(00000000000000001000000000000000) Importer(815301076,1909f56bfc062723c751e8b465ee728b)
Start importing Assets using Guid(00000000000000001000000000000000) Importer(815301076,1909f56bfc062723c751e8b465ee728b)  -> (artifact id: 'a6374019befeac6ce670f13ba9960efb') in 0.020298 seconds
  Import took 0.024100 seconds .

========================================================================
Received Import Request.
  Time since last request: 12.719546 seconds.
  path: Assets/Images
  artifactKey: Guid(2408199ba5260a045a6e60e7b90b855e) Importer(815301076,1909f56bfc062723c751e8b465ee728b)
Start importing Assets/Images using Guid(2408199ba5260a045a6e60e7b90b855e) Importer(815301076,1909f56bfc062723c751e8b465ee728b)  -> (artifact id: 'a4bf19e98395b8bfd1b09c88cc16a503') in 0.018264 seconds
  Import took 0.023475 seconds .

========================================================================
Received Import Request.
  Time since last request: 0.009284 seconds.
  path: Assets/Images
  artifactKey: Guid(2408199ba5260a045a6e60e7b90b855e) Importer(815301076,1909f56bfc062723c751e8b465ee728b)
Start importing Assets/Images using Guid(2408199ba5260a045a6e60e7b90b855e) Importer(815301076,1909f56bfc062723c751e8b465ee728b)  -> (artifact id: 'a4bf19e98395b8bfd1b09c88cc16a503') in 0.011100 seconds
  Import took 0.016475 seconds .

========================================================================
Received Import Request.
  Time since last request: 12.094387 seconds.
  path: Assets/Scripts
  artifactKey: Guid(7e97b9b20776a194abc81363d1088d1d) Importer(815301076,1909f56bfc062723c751e8b465ee728b)
Start importing Assets/Scripts using Guid(7e97b9b20776a194abc81363d1088d1d) Importer(815301076,1909f56bfc062723c751e8b465ee728b)  -> (artifact id: '05fc88fed7deb9b83bf02d7f039e0579') in 0.032779 seconds
  Import took 0.044977 seconds .

========================================================================
Received Import Request.
  Time since last request: 20.797294 seconds.
  path: Assets/Prefabs
  artifactKey: Guid(2b2cf1f048912b643ac22564199370e3) Importer(815301076,1909f56bfc062723c751e8b465ee728b)
Start importing Assets/Prefabs using Guid(2b2cf1f048912b643ac22564199370e3) Importer(815301076,1909f56bfc062723c751e8b465ee728b)  -> (artifact id: '4394c244fd31423a46b3d71ad87d3379') in 0.020775 seconds
  Import took 0.026214 seconds .

========================================================================
Received Import Request.
  Time since last request: 0.002074 seconds.
  path: Assets/Prefabs
  artifactKey: Guid(2b2cf1f048912b643ac22564199370e3) Importer(815301076,1909f56bfc062723c751e8b465ee728b)
Start importing Assets/Prefabs using Guid(2b2cf1f048912b643ac22564199370e3) Importer(815301076,1909f56bfc062723c751e8b465ee728b)  -> (artifact id: '4394c244fd31423a46b3d71ad87d3379') in 0.012361 seconds
  Import took 0.019866 seconds .

========================================================================
Received Prepare
Registering precompiled user dll's ...
Registered in 0.001067 seconds.
Begin MonoManager ReloadAssembly
Native extension for WindowsStandalone target not found
Native extension for WebGL target not found
Refreshing native plugins compatible for Editor in 0.72 ms, found 0 plugins.
Preloading 0 native plugins for Editor in 0.00 ms.
Invoked RoslynAnalysisRunner static constructor.
RoslynAnalysisRunner will not be running.
RoslynAnalysisRunner has terminated.
Mono: successfully reloaded assembly
- Completed reload, in  2.033 seconds
Platform modules already initialized, skipping
Switching build target platform(5) subTarget(0) extendedPlatform(0) -> platform(13) subTarget(537395200) extendedPlatform(0)
Refreshing native plugins compatible for Editor in 0.60 ms, found 0 plugins.
Preloading 0 native plugins for Editor in 0.00 ms.
Unloading 1210 Unused Serialized files (Serialized files now loaded: 0)
System memory in use before: 59.4 MB.
System memory in use after: 59.5 MB.

Unloading 17 unused Assets to reduce memory usage. Loaded Objects now: 1645.
Total: 3.407600 ms (FindLiveObjects: 0.266000 ms CreateObjectMapping: 0.045900 ms MarkObjects: 3.043400 ms  DeleteObjects: 0.049700 ms)

AssetImportParameters requested are different than current active one (requested -> active):
  custom:graphics/normal-map-encoding: 01000000000000000000000000000000 -> 02000000000000000000000000000000
========================================================================
Received Prepare
Refreshing native plugins compatible for Editor in 7.39 ms, found 0 plugins.
Preloading 0 native plugins for Editor in 0.00 ms.
Unloading 15 Unused Serialized files (Serialized files now loaded: 0)
System memory in use before: 35.8 MB.
System memory in use after: 35.9 MB.

Unloading 15 unused Assets to reduce memory usage. Loaded Objects now: 1645.
Total: 4.083800 ms (FindLiveObjects: 0.455200 ms CreateObjectMapping: 0.212000 ms MarkObjects: 3.379900 ms  DeleteObjects: 0.028800 ms)

========================================================================
Received Prepare
Registering precompiled user dll's ...
Registered in 0.001553 seconds.
Begin MonoManager ReloadAssembly
Native extension for WindowsStandalone target not found
Native extension for WebGL target not found
Refreshing native plugins compatible for Editor in 0.91 ms, found 0 plugins.
Preloading 0 native plugins for Editor in 0.00 ms.
Invoked RoslynAnalysisRunner static constructor.
RoslynAnalysisRunner will not be running.
RoslynAnalysisRunner has terminated.
Mono: successfully reloaded assembly
- Completed reload, in  1.952 seconds
Platform modules already initialized, skipping
Switching build target platform(5) subTarget(0) extendedPlatform(0) -> platform(13) subTarget(537395200) extendedPlatform(0)
Refreshing native plugins compatible for Editor in 0.54 ms, found 0 plugins.
Preloading 0 native plugins for Editor in 0.00 ms.
Unloading 1221 Unused Serialized files (Serialized files now loaded: 0)
System memory in use before: 59.7 MB.
System memory in use after: 59.8 MB.

Unloading 17 unused Assets to reduce memory usage. Loaded Objects now: 1659.
Total: 3.096400 ms (FindLiveObjects: 0.222200 ms CreateObjectMapping: 0.040200 ms MarkObjects: 2.795200 ms  DeleteObjects: 0.036800 ms)

AssetImportParameters requested are different than current active one (requested -> active):
  custom:graphics/normal-map-encoding: 01000000000000000000000000000000 -> 02000000000000000000000000000000
========================================================================
Received Import Request.
  Time since last request: 806.106359 seconds.
  path: Assets/Kevin Iglesias
  artifactKey: Guid(434844ebdf114d94eaaa2aed63e341a5) Importer(815301076,1909f56bfc062723c751e8b465ee728b)
Start importing Assets/Kevin Iglesias using Guid(434844ebdf114d94eaaa2aed63e341a5) Importer(815301076,1909f56bfc062723c751e8b465ee728b)  -> (artifact id: '7d5d64c3531a113b105978b07df06740') in 0.019947 seconds
  Import took 0.024555 seconds .

========================================================================
Received Import Request.
  Time since last request: 0.004345 seconds.
  path: Assets/Kevin Iglesias
  artifactKey: Guid(434844ebdf114d94eaaa2aed63e341a5) Importer(815301076,1909f56bfc062723c751e8b465ee728b)
Start importing Assets/Kevin Iglesias using Guid(434844ebdf114d94eaaa2aed63e341a5) Importer(815301076,1909f56bfc062723c751e8b465ee728b)  -> (artifact id: '7d5d64c3531a113b105978b07df06740') in 0.011013 seconds
  Import took 0.018799 seconds .

========================================================================
Received Import Request.
  Time since last request: 1.537453 seconds.
  path: Assets/Kevin Iglesias/Melee Warrior Animations
  artifactKey: Guid(4ed93f52c1a9abd46a44bf3b86d6b024) Importer(815301076,1909f56bfc062723c751e8b465ee728b)
Start importing Assets/Kevin Iglesias/Melee Warrior Animations using Guid(4ed93f52c1a9abd46a44bf3b86d6b024) Importer(815301076,1909f56bfc062723c751e8b465ee728b)  -> (artifact id: '6425612e72b4abe98a51dc663c9240a1') in 0.012991 seconds
  Import took 0.018550 seconds .

========================================================================
Received Import Request.
  Time since last request: 0.002620 seconds.
  path: Assets/Kevin Iglesias/Melee Warrior Animations
  artifactKey: Guid(4ed93f52c1a9abd46a44bf3b86d6b024) Importer(815301076,1909f56bfc062723c751e8b465ee728b)
Start importing Assets/Kevin Iglesias/Melee Warrior Animations using Guid(4ed93f52c1a9abd46a44bf3b86d6b024) Importer(815301076,1909f56bfc062723c751e8b465ee728b)  -> (artifact id: '6425612e72b4abe98a51dc663c9240a1') in 0.004691 seconds
  Import took 0.008405 seconds .

========================================================================
Received Import Request.
  Time since last request: 8.064552 seconds.
  path: Assets/Kevin Iglesias/Melee Warrior Animations/Materials
  artifactKey: Guid(f019bb9c838faca4ea249d4980e3db48) Importer(815301076,1909f56bfc062723c751e8b465ee728b)
Start importing Assets/Kevin Iglesias/Melee Warrior Animations/Materials using Guid(f019bb9c838faca4ea249d4980e3db48) Importer(815301076,1909f56bfc062723c751e8b465ee728b)  -> (artifact id: '1664c62cafe0833ee6413256fdb9003d') in 0.014627 seconds
  Import took 0.018174 seconds .

========================================================================
Received Import Request.
  Time since last request: 0.085448 seconds.
  path: Assets/Kevin Iglesias/Melee Warrior Animations/Materials/MeleeWarriorFloorMaterial.mat
  artifactKey: Guid(e5d65fad54349b94eb4a31a73cdc7323) Importer(815301076,1909f56bfc062723c751e8b465ee728b)
Start importing Assets/Kevin Iglesias/Melee Warrior Animations/Materials/MeleeWarriorFloorMaterial.mat using Guid(e5d65fad54349b94eb4a31a73cdc7323) Importer(815301076,1909f56bfc062723c751e8b465ee728b)  -> (artifact id: 'c741ad9609e5c900db7665462543183f') in 0.571685 seconds
  Import took 0.576017 seconds .

========================================================================
Received Import Request.
  Time since last request: 0.000428 seconds.
  path: Assets/Kevin Iglesias/Melee Warrior Animations/Materials/MeleeWarriorMaterial.mat
  artifactKey: Guid(63e8c3d8ce75eae4ebaa4935bd776825) Importer(815301076,1909f56bfc062723c751e8b465ee728b)
Start importing Assets/Kevin Iglesias/Melee Warrior Animations/Materials/MeleeWarriorMaterial.mat using Guid(63e8c3d8ce75eae4ebaa4935bd776825) Importer(815301076,1909f56bfc062723c751e8b465ee728b)  -> (artifact id: 'af37cc9819cdc78880c0dc2e2d7775d9') in 0.028794 seconds
  Import took 0.032800 seconds .

========================================================================
Received Import Request.
  Time since last request: 7.254543 seconds.
  path: Assets/Kevin Iglesias/Melee Warrior Animations/Animations/MeleeWarrior@Death01.fbx
  artifactKey: Guid(f45f25a676b0b0841a9ae2d01172d138) Importer(815301076,1909f56bfc062723c751e8b465ee728b)
Start importing Assets/Kevin Iglesias/Melee Warrior Animations/Animations/MeleeWarrior@Death01.fbx using Guid(f45f25a676b0b0841a9ae2d01172d138) Importer(815301076,1909f56bfc062723c751e8b465ee728b)  -> (artifact id: '109ed923fbf06774801908a008ae49b4') in 0.123968 seconds
  Import took 0.129826 seconds .

========================================================================
Received Import Request.
  Time since last request: 0.000535 seconds.
  path: Assets/Kevin Iglesias/Melee Warrior Animations/Animations
  artifactKey: Guid(f0c21875b15af264db996644ed07d053) Importer(815301076,1909f56bfc062723c751e8b465ee728b)
Start importing Assets/Kevin Iglesias/Melee Warrior Animations/Animations using Guid(f0c21875b15af264db996644ed07d053) Importer(815301076,1909f56bfc062723c751e8b465ee728b)  -> (artifact id: '9dc9ee654c5e8bb83584b584f12c52f0') in 0.014720 seconds
  Import took 0.020362 seconds .

========================================================================
Received Import Request.
  Time since last request: 11.458267 seconds.
  path: Assets/Kevin Iglesias/Melee Warrior Animations/Animations/OneHanded/1H@CombatIdle01.fbx
  artifactKey: Guid(af5871ba53a7c294aa4b5fa1995768b7) Importer(815301076,1909f56bfc062723c751e8b465ee728b)
Start importing Assets/Kevin Iglesias/Melee Warrior Animations/Animations/OneHanded/1H@CombatIdle01.fbx using Guid(af5871ba53a7c294aa4b5fa1995768b7) Importer(815301076,1909f56bfc062723c751e8b465ee728b)  -> (artifact id: '901f67fa9a713226ee45f9db097b3cec') in 0.020935 seconds
  Import took 0.024812 seconds .

========================================================================
Received Import Request.
  Time since last request: 0.000363 seconds.
  path: Assets/Kevin Iglesias/Melee Warrior Animations/Animations/OneHanded/1H@TakeDamage01.fbx
  artifactKey: Guid(9a18fd4d37d8ab44789d6ad9d5a2aef7) Importer(815301076,1909f56bfc062723c751e8b465ee728b)
Start importing Assets/Kevin Iglesias/Melee Warrior Animations/Animations/OneHanded/1H@TakeDamage01.fbx using Guid(9a18fd4d37d8ab44789d6ad9d5a2aef7) Importer(815301076,1909f56bfc062723c751e8b465ee728b)  -> (artifact id: '4ded63907dbb4c6b58e12c5962399ccd') in 0.025315 seconds
  Import took 0.029736 seconds .

========================================================================
Received Import Request.
  Time since last request: 0.000421 seconds.
  path: Assets/Kevin Iglesias/Melee Warrior Animations/Animations/OneHanded
  artifactKey: Guid(9992b8ec950ff9d47ba9d7745e9e1a97) Importer(815301076,1909f56bfc062723c751e8b465ee728b)
Start importing Assets/Kevin Iglesias/Melee Warrior Animations/Animations/OneHanded using Guid(9992b8ec950ff9d47ba9d7745e9e1a97) Importer(815301076,1909f56bfc062723c751e8b465ee728b)  -> (artifact id: 'e232b43b5c770c739cfdc89b1526d06d') in 0.013280 seconds
  Import took 0.017154 seconds .

